#
# A fatal error has been detected by the Java Runtime Environment:
#
#  EXCEPTION_ACCESS_VIOLATION (0xc0000005) at pc=0x000000006d21a6f0, pid=9644, tid=0x00000000000026e8
#
# JRE version: Java(TM) SE Runtime Environment (8.0_144-b01) (build 1.8.0_144-b01)
# Java VM: Java HotSpot(TM) 64-Bit Server VM (25.144-b01 mixed mode windows-amd64 compressed oops)
# Problematic frame:
# V  [jvm.dll+0x12a6f0]
#
# Failed to write core dump. Minidumps are not enabled by default on client versions of Windows
#
# If you would like to submit a bug report, please visit:
#   http://bugreport.java.com/bugreport/crash.jsp
#

---------------  T H R E A D  ---------------

Current thread (0x000000002247a000):  JavaThread "http-nio-8080-exec-1" daemon [_thread_in_vm, id=9960, stack(0x00000000245a0000,0x00000000246a0000)]

siginfo: ExceptionCode=0xc0000005, reading address 0x0000000000000008

Registers:
RAX=0x000000002469c160, RBX=0x0000000000000000, RCX=0x0000000000000000, RDX=0x000000002247a000
RSP=0x000000002469c128, RBP=0x000000002469c7f0, RSI=0x000000002247a000, RDI=0x000000002247a000
R8 =0x0000000003880000, R9 =0x0000000000000006, R10=0x0000000000000000, R11=0x000000002469c110
R12=0x0000000000000000, R13=0x000000002469c800, R14=0x000000002469c988, R15=0x000000002247a000
RIP=0x000000006d21a6f0, EFLAGS=0x0000000000010246

Top of Stack: (sp=0x000000002469c128)
0x000000002469c128:   000000006d31ee89 00000000226bbbc0
0x000000002469c138:   000000002247a000 000000002247a000
0x000000002469c148:   00000000b00047f7 0000013300000000
0x000000002469c158:   0000000002000002 000000002469c800
0x000000002469c168:   00000000038808da 0000000003880790
0x000000002469c178:   0000000000000000 000000002469c8e0
0x000000002469c188:   000000002469c800 000000002247a000
0x000000002469c198:   00007ffced5b422a 0000000003503d20
0x000000002469c1a8:   000000001e92a2a0 0000000003500000
0x000000002469c1b8:   0000000000000080 000000001e92a2b0
0x000000002469c1c8:   000000001e92a2a8 0000000000000080
0x000000002469c1d8:   00007ffced5a9598 0000000003500000
0x000000002469c1e8:   000000001e92a2a0 000000001e92a2a0
0x000000002469c1f8:   0000000000000000 0000000000000074
0x000000002469c208:   0000000000000074 0000000000000000
0x000000002469c218:   0000000000000000 0000000000000001 

Instructions: (pc=0x000000006d21a6f0)
0x000000006d21a6d0:   48 3b c2 77 f3 41 0f b7 40 20 4a 8d 4c 00 30 48
0x000000006d21a6e0:   3b d1 73 e4 41 2b d0 8d 42 d0 c3 33 c0 c3 cc cc
0x000000006d21a6f0:   48 8b 41 08 48 63 d2 48 8d 44 10 30 c3 cc cc cc
0x000000006d21a700:   48 8b 41 08 48 8b 48 08 48 8b 41 18 48 8b 40 10 


Register to memory mapping:

RAX=0x000000002469c160 is pointing into the stack for thread: 0x000000002247a000
RBX=0x0000000000000000 is an unknown value
RCX=0x0000000000000000 is an unknown value
RDX=0x000000002247a000 is a thread
RSP=0x000000002469c128 is pointing into the stack for thread: 0x000000002247a000
RBP=0x000000002469c7f0 is pointing into the stack for thread: 0x000000002247a000
RSI=0x000000002247a000 is a thread
RDI=0x000000002247a000 is a thread
R8 =0x0000000003880000 is an unknown value
R9 =0x0000000000000006 is an unknown value
R10=0x0000000000000000 is an unknown value
R11=0x000000002469c110 is pointing into the stack for thread: 0x000000002247a000
R12=0x0000000000000000 is an unknown value
R13=0x000000002469c800 is pointing into the stack for thread: 0x000000002247a000
R14=0x000000002469c988 is pointing into the stack for thread: 0x000000002247a000
R15=0x000000002247a000 is a thread


Stack: [0x00000000245a0000,0x00000000246a0000],  sp=0x000000002469c128,  free space=1008k
Native frames: (J=compiled Java code, j=interpreted, Vv=VM code, C=native code)
V  [jvm.dll+0x12a6f0]

Java frames: (J=compiled Java code, j=interpreted, Vv=VM code)
v  ~RuntimeStub::StackOverflowError throw_exception
v  ~StubRoutines::call_stub
J 1589  sun.reflect.NativeConstructorAccessorImpl.newInstance0(Ljava/lang/reflect/Constructor;[Ljava/lang/Object;)Ljava/lang/Object; (0 bytes) @ 0x0000000003c04566 [0x0000000003c04500+0x66]
J 1377 C1 sun.reflect.NativeConstructorAccessorImpl.newInstance([Ljava/lang/Object;)Ljava/lang/Object; (89 bytes) @ 0x0000000003bb8364 [0x0000000003bb7fa0+0x3c4]
J 1353 C1 sun.reflect.DelegatingConstructorAccessorImpl.newInstance([Ljava/lang/Object;)Ljava/lang/Object; (9 bytes) @ 0x0000000003bafd7c [0x0000000003bafd20+0x5c]
J 1300 C1 java.lang.reflect.Constructor.newInstance([Ljava/lang/Object;)Ljava/lang/Object; (87 bytes) @ 0x0000000003b98544 [0x0000000003b98400+0x144]
j  java.lang.Class.newInstance()Ljava/lang/Object;+138
j  com.porco.javassist.controller.DynamicController.get(Ljava/lang/Long;)Lcom/porco/javassist/domain/Result;+36
v  ~StubRoutines::call_stub
J 3519  sun.reflect.NativeMethodAccessorImpl.invoke0(Ljava/lang/reflect/Method;Ljava/lang/Object;[Ljava/lang/Object;)Ljava/lang/Object; (0 bytes) @ 0x0000000003fdab7f [0x0000000003fdab00+0x7f]
J 3518 C1 sun.reflect.NativeMethodAccessorImpl.invoke(Ljava/lang/Object;[Ljava/lang/Object;)Ljava/lang/Object; (104 bytes) @ 0x0000000003fdb35c [0x0000000003fdaf60+0x3fc]
J 3735 C1 sun.reflect.DelegatingMethodAccessorImpl.invoke(Ljava/lang/Object;[Ljava/lang/Object;)Ljava/lang/Object; (10 bytes) @ 0x0000000004040744 [0x00000000040406e0+0x64]
J 3734 C1 java.lang.reflect.Method.invoke(Ljava/lang/Object;[Ljava/lang/Object;)Ljava/lang/Object; (62 bytes) @ 0x000000000404031c [0x00000000040401e0+0x13c]
j  org.springframework.web.method.support.InvocableHandlerMethod.doInvoke([Ljava/lang/Object;)Ljava/lang/Object;+28
j  org.springframework.web.method.support.InvocableHandlerMethod.invokeForRequest(Lorg/springframework/web/context/request/NativeWebRequest;Lorg/springframework/web/method/support/ModelAndViewContainer;[Ljava/lang/Object;)Ljava/lang/Object;+54
j  org.springframework.web.servlet.mvc.method.annotation.ServletInvocableHandlerMethod.invokeAndHandle(Lorg/springframework/web/context/request/ServletWebRequest;Lorg/springframework/web/method/support/ModelAndViewContainer;[Ljava/lang/Object;)V+4
j  org.springframework.web.servlet.mvc.method.annotation.RequestMappingHandlerAdapter.invokeHandlerMethod(Ljavax/servlet/http/HttpServletRequest;Ljavax/servlet/http/HttpServletResponse;Lorg/springframework/web/method/HandlerMethod;)Lorg/springframework/web/servlet/ModelAndView;+244
j  org.springframework.web.servlet.mvc.method.annotation.RequestMappingHandlerAdapter.handleInternal(Ljavax/servlet/http/HttpServletRequest;Ljavax/servlet/http/HttpServletResponse;Lorg/springframework/web/method/HandlerMethod;)Lorg/springframework/web/servlet/ModelAndView;+81
j  org.springframework.web.servlet.mvc.method.AbstractHandlerMethodAdapter.handle(Ljavax/servlet/http/HttpServletRequest;Ljavax/servlet/http/HttpServletResponse;Ljava/lang/Object;)Lorg/springframework/web/servlet/ModelAndView;+7
j  org.springframework.web.servlet.DispatcherServlet.doDispatch(Ljavax/servlet/http/HttpServletRequest;Ljavax/servlet/http/HttpServletResponse;)V+259
j  org.springframework.web.servlet.DispatcherServlet.doService(Ljavax/servlet/http/HttpServletRequest;Ljavax/servlet/http/HttpServletResponse;)V+241
j  org.springframework.web.servlet.FrameworkServlet.processRequest(Ljavax/servlet/http/HttpServletRequest;Ljavax/servlet/http/HttpServletResponse;)V+71
j  org.springframework.web.servlet.FrameworkServlet.doGet(Ljavax/servlet/http/HttpServletRequest;Ljavax/servlet/http/HttpServletResponse;)V+3
j  javax.servlet.http.HttpServlet.service(Ljavax/servlet/http/HttpServletRequest;Ljavax/servlet/http/HttpServletResponse;)V+35
j  org.springframework.web.servlet.FrameworkServlet.service(Ljavax/servlet/http/HttpServletRequest;Ljavax/servlet/http/HttpServletResponse;)V+33
j  javax.servlet.http.HttpServlet.service(Ljavax/servlet/ServletRequest;Ljavax/servlet/ServletResponse;)V+36
j  org.apache.catalina.core.ApplicationFilterChain.internalDoFilter(Ljavax/servlet/ServletRequest;Ljavax/servlet/ServletResponse;)V+304
j  org.apache.catalina.core.ApplicationFilterChain.doFilter(Ljavax/servlet/ServletRequest;Ljavax/servlet/ServletResponse;)V+99
j  org.apache.tomcat.websocket.server.WsFilter.doFilter(Ljavax/servlet/ServletRequest;Ljavax/servlet/ServletResponse;Ljavax/servlet/FilterChain;)V+21
j  org.apache.catalina.core.ApplicationFilterChain.internalDoFilter(Ljavax/servlet/ServletRequest;Ljavax/servlet/ServletResponse;)V+135
j  org.apache.catalina.core.ApplicationFilterChain.doFilter(Ljavax/servlet/ServletRequest;Ljavax/servlet/ServletResponse;)V+99
j  org.springframework.web.filter.RequestContextFilter.doFilterInternal(Ljavax/servlet/http/HttpServletRequest;Ljavax/servlet/http/HttpServletResponse;Ljavax/servlet/FilterChain;)V+21
j  org.springframework.web.filter.OncePerRequestFilter.doFilter(Ljavax/servlet/ServletRequest;Ljavax/servlet/ServletResponse;Ljavax/servlet/FilterChain;)V+147
j  org.apache.catalina.core.ApplicationFilterChain.internalDoFilter(Ljavax/servlet/ServletRequest;Ljavax/servlet/ServletResponse;)V+135
j  org.apache.catalina.core.ApplicationFilterChain.doFilter(Ljavax/servlet/ServletRequest;Ljavax/servlet/ServletResponse;)V+99
j  org.springframework.web.filter.FormContentFilter.doFilterInternal(Ljavax/servlet/http/HttpServletRequest;Ljavax/servlet/http/HttpServletResponse;Ljavax/servlet/FilterChain;)V+38
j  org.springframework.web.filter.OncePerRequestFilter.doFilter(Ljavax/servlet/ServletRequest;Ljavax/servlet/ServletResponse;Ljavax/servlet/FilterChain;)V+147
j  org.apache.catalina.core.ApplicationFilterChain.internalDoFilter(Ljavax/servlet/ServletRequest;Ljavax/servlet/ServletResponse;)V+135
j  org.apache.catalina.core.ApplicationFilterChain.doFilter(Ljavax/servlet/ServletRequest;Ljavax/servlet/ServletResponse;)V+99
j  org.springframework.web.filter.CharacterEncodingFilter.doFilterInternal(Ljavax/servlet/http/HttpServletRequest;Ljavax/servlet/http/HttpServletResponse;Ljavax/servlet/FilterChain;)V+53
j  org.springframework.web.filter.OncePerRequestFilter.doFilter(Ljavax/servlet/ServletRequest;Ljavax/servlet/ServletResponse;Ljavax/servlet/FilterChain;)V+147
j  org.apache.catalina.core.ApplicationFilterChain.internalDoFilter(Ljavax/servlet/ServletRequest;Ljavax/servlet/ServletResponse;)V+135
j  org.apache.catalina.core.ApplicationFilterChain.doFilter(Ljavax/servlet/ServletRequest;Ljavax/servlet/ServletResponse;)V+99
j  org.apache.catalina.core.StandardWrapperValve.invoke(Lorg/apache/catalina/connector/Request;Lorg/apache/catalina/connector/Response;)V+514
j  org.apache.catalina.core.StandardContextValve.invoke(Lorg/apache/catalina/connector/Request;Lorg/apache/catalina/connector/Response;)V+169
j  org.apache.catalina.authenticator.AuthenticatorBase.invoke(Lorg/apache/catalina/connector/Request;Lorg/apache/catalina/connector/Response;)V+260
j  org.apache.catalina.core.StandardHostValve.invoke(Lorg/apache/catalina/connector/Request;Lorg/apache/catalina/connector/Response;)V+128
j  org.apache.catalina.valves.ErrorReportValve.invoke(Lorg/apache/catalina/connector/Request;Lorg/apache/catalina/connector/Response;)V+6
j  org.apache.catalina.core.StandardEngineValve.invoke(Lorg/apache/catalina/connector/Request;Lorg/apache/catalina/connector/Response;)V+59
j  org.apache.catalina.connector.CoyoteAdapter.service(Lorg/apache/coyote/Request;Lorg/apache/coyote/Response;)V+187
j  org.apache.coyote.http11.Http11Processor.service(Lorg/apache/tomcat/util/net/SocketWrapperBase;)Lorg/apache/tomcat/util/net/AbstractEndpoint$Handler$SocketState;+796
j  org.apache.coyote.AbstractProcessorLight.process(Lorg/apache/tomcat/util/net/SocketWrapperBase;Lorg/apache/tomcat/util/net/SocketEvent;)Lorg/apache/tomcat/util/net/AbstractEndpoint$Handler$SocketState;+170
j  org.apache.coyote.AbstractProtocol$ConnectionHandler.process(Lorg/apache/tomcat/util/net/SocketWrapperBase;Lorg/apache/tomcat/util/net/SocketEvent;)Lorg/apache/tomcat/util/net/AbstractEndpoint$Handler$SocketState;+489
j  org.apache.tomcat.util.net.NioEndpoint$SocketProcessor.doRun()V+249
j  org.apache.tomcat.util.net.SocketProcessorBase.run()V+32
j  org.apache.tomcat.util.threads.ThreadPoolExecutor.runWorker(Lorg/apache/tomcat/util/threads/ThreadPoolExecutor$Worker;)V+92
j  org.apache.tomcat.util.threads.ThreadPoolExecutor$Worker.run()V+5
j  org.apache.tomcat.util.threads.TaskThread$WrappingRunnable.run()V+4
j  java.lang.Thread.run()V+11
v  ~StubRoutines::call_stub

---------------  P R O C E S S  ---------------

Java Threads: ( => current thread )
  0x00000000226e9800 JavaThread "DestroyJavaVM" [_thread_blocked, id=15748, stack(0x0000000003510000,0x0000000003610000)]
  0x00000000226e8000 JavaThread "http-nio-8080-Acceptor" daemon [_thread_in_native, id=20380, stack(0x00000000250a0000,0x00000000251a0000)]
  0x00000000226e5800 JavaThread "http-nio-8080-Poller" daemon [_thread_in_native, id=4636, stack(0x0000000024fa0000,0x00000000250a0000)]
  0x00000000226e8800 JavaThread "http-nio-8080-exec-10" daemon [_thread_blocked, id=7264, stack(0x0000000024ea0000,0x0000000024fa0000)]
  0x0000000022477000 JavaThread "http-nio-8080-exec-9" daemon [_thread_blocked, id=8380, stack(0x0000000024da0000,0x0000000024ea0000)]
  0x0000000022476800 JavaThread "http-nio-8080-exec-8" daemon [_thread_blocked, id=13980, stack(0x0000000024ca0000,0x0000000024da0000)]
  0x000000002247b000 JavaThread "http-nio-8080-exec-7" daemon [_thread_blocked, id=12844, stack(0x0000000024ba0000,0x0000000024ca0000)]
  0x0000000022478800 JavaThread "http-nio-8080-exec-6" daemon [_thread_blocked, id=9664, stack(0x0000000024aa0000,0x0000000024ba0000)]
  0x0000000022479800 JavaThread "http-nio-8080-exec-5" daemon [_thread_blocked, id=5956, stack(0x00000000249a0000,0x0000000024aa0000)]
  0x0000000022475800 JavaThread "http-nio-8080-exec-4" daemon [_thread_blocked, id=19192, stack(0x00000000248a0000,0x00000000249a0000)]
  0x0000000022475000 JavaThread "http-nio-8080-exec-3" daemon [_thread_blocked, id=8952, stack(0x00000000247a0000,0x00000000248a0000)]
  0x0000000022474000 JavaThread "http-nio-8080-exec-2" daemon [_thread_blocked, id=13600, stack(0x00000000246a0000,0x00000000247a0000)]
=>0x000000002247a000 JavaThread "http-nio-8080-exec-1" daemon [_thread_in_vm, id=9960, stack(0x00000000245a0000,0x00000000246a0000)]
  0x0000000022478000 JavaThread "HikariPool-1 connection adder" daemon [_thread_blocked, id=15900, stack(0x00000000242a0000,0x00000000243a0000)]
  0x0000000022497800 JavaThread "HikariPool-1 housekeeper" daemon [_thread_blocked, id=9648, stack(0x00000000241a0000,0x00000000242a0000)]
  0x00000000221a3000 JavaThread "mysql-cj-abandoned-connection-cleanup" daemon [_thread_blocked, id=19092, stack(0x00000000237a0000,0x00000000238a0000)]
  0x0000000022074800 JavaThread "container-0" [_thread_blocked, id=19008, stack(0x00000000236a0000,0x00000000237a0000)]
  0x0000000022071800 JavaThread "Catalina-utility-2" [_thread_blocked, id=19080, stack(0x00000000235a0000,0x00000000236a0000)]
  0x0000000022051000 JavaThread "Catalina-utility-1" [_thread_blocked, id=7212, stack(0x00000000228a0000,0x00000000229a0000)]
  0x0000000020cf8800 JavaThread "RMI Scheduler(0)" daemon [_thread_blocked, id=3836, stack(0x00000000217d0000,0x00000000218d0000)]
  0x0000000020cde800 JavaThread "RMI TCP Connection(1)-192.168.1.104" daemon [_thread_in_native, id=12108, stack(0x00000000213d0000,0x00000000214d0000)]
  0x0000000020907800 JavaThread "RMI TCP Accept-0" daemon [_thread_in_native, id=13216, stack(0x0000000020d20000,0x0000000020e20000)]
  0x000000001e8a9000 JavaThread "Service Thread" daemon [_thread_blocked, id=3284, stack(0x0000000020420000,0x0000000020520000)]
  0x000000001e7ed800 JavaThread "C1 CompilerThread3" daemon [_thread_blocked, id=11984, stack(0x0000000020320000,0x0000000020420000)]
  0x000000001e7ec800 JavaThread "C2 CompilerThread2" daemon [_thread_blocked, id=6800, stack(0x0000000020220000,0x0000000020320000)]
  0x000000001e7ec000 JavaThread "C2 CompilerThread1" daemon [_thread_blocked, id=19672, stack(0x0000000020120000,0x0000000020220000)]
  0x000000001e7d9000 JavaThread "C2 CompilerThread0" daemon [_thread_blocked, id=1192, stack(0x0000000020020000,0x0000000020120000)]
  0x000000001e7c7800 JavaThread "JDWP Command Reader" daemon [_thread_in_native, id=2136, stack(0x000000001ff20000,0x0000000020020000)]
  0x000000001e7c2800 JavaThread "JDWP Event Helper Thread" daemon [_thread_blocked, id=18564, stack(0x000000001fe20000,0x000000001ff20000)]
  0x000000001e7b8000 JavaThread "JDWP Transport Listener: dt_socket" daemon [_thread_blocked, id=3992, stack(0x000000001fd20000,0x000000001fe20000)]
  0x000000001e758000 JavaThread "Attach Listener" daemon [_thread_blocked, id=9092, stack(0x000000001fc20000,0x000000001fd20000)]
  0x000000001e7aa800 JavaThread "Signal Dispatcher" daemon [_thread_blocked, id=19148, stack(0x000000001fb20000,0x000000001fc20000)]
  0x000000001d064800 JavaThread "Finalizer" daemon [_thread_blocked, id=20300, stack(0x000000001f9b0000,0x000000001fab0000)]
  0x000000001d05d800 JavaThread "Reference Handler" daemon [_thread_blocked, id=15072, stack(0x000000001f8b0000,0x000000001f9b0000)]

Other Threads:
  0x000000000387e800 VMThread [stack: 0x000000001f7b0000,0x000000001f8b0000] [id=7268]
  0x0000000020916000 WatcherThread [stack: 0x0000000020e20000,0x0000000020f20000] [id=19968]

VM state:not at safepoint (normal execution)

VM Mutex/Monitor currently owned by a thread: None

Heap:
 PSYoungGen      total 266240K, used 110325K [0x000000076de00000, 0x0000000788b00000, 0x00000007c0000000)
  eden space 256000K, 43% used [0x000000076de00000,0x00000007749bd798,0x000000077d800000)
  from space 10240K, 0% used [0x000000077d800000,0x000000077d800000,0x000000077e200000)
  to   space 14336K, 0% used [0x0000000787d00000,0x0000000787d00000,0x0000000788b00000)
 ParOldGen       total 118272K, used 15407K [0x00000006c9a00000, 0x00000006d0d80000, 0x000000076de00000)
  object space 118272K, 13% used [0x00000006c9a00000,0x00000006ca90bdd0,0x00000006d0d80000)
 Metaspace       used 41441K, capacity 43926K, committed 44072K, reserved 1087488K
  class space    used 5372K, capacity 5875K, committed 5936K, reserved 1048576K

Card table byte_map: [0x0000000012c40000,0x0000000013400000] byte_map_base: 0x000000000f5f3000

Marking Bits: (ParMarkBitMap*) 0x000000006d90d850
 Begin Bits: [0x0000000014330000, 0x00000000180c8000)
 End Bits:   [0x00000000180c8000, 0x000000001be60000)

Polling page: 0x0000000003000000

CodeCache: size=245760Kb used=8229Kb max_used=8229Kb free=237530Kb
 bounds [0x0000000003880000, 0x0000000004090000, 0x0000000012880000]
 total_blobs=4407 nmethods=3907 adapters=421
 compilation: enabled

Compilation events (10 events):
Event: 6.443 Thread 0x000000001e7ed800 nmethod 3897 0x0000000004085b10 code [0x0000000004085cc0, 0x0000000004086158]
Event: 6.443 Thread 0x000000001e7ed800 3899       1       java.lang.invoke.MethodTypeForm::pack (54 bytes)
Event: 6.443 Thread 0x000000001e7ed800 nmethod 3899 0x0000000004086450 code [0x00000000040865a0, 0x00000000040866b0]
Event: 6.444 Thread 0x000000001e7ed800 3901       1       java.lang.invoke.LambdaForm$Name::isParam (13 bytes)
Event: 6.444 Thread 0x000000001e7ed800 nmethod 3901 0x0000000004086710 code [0x0000000004086860, 0x0000000004086990]
Event: 6.444 Thread 0x000000001e7ed800 3902       1       java.lang.invoke.BoundMethodHandle$Factory::typeSig (16 bytes)
Event: 6.444 Thread 0x000000001e7ed800 nmethod 3902 0x0000000004086b90 code [0x0000000004086ce0, 0x0000000004086ef0]
Event: 6.444 Thread 0x000000001e7ed800 3904       1       jdk.internal.org.objectweb.asm.Frame::initInputFrame (158 bytes)
Event: 6.445 Thread 0x000000001e7ed800 nmethod 3904 0x0000000004086fd0 code [0x0000000004087180, 0x00000000040877d8]
Event: 6.445 Thread 0x000000001e7ed800 3906   !   1       java.lang.invoke.MemberName::getFieldType (177 bytes)

GC Heap History (10 events):
Event: 1.637 GC heap before
{Heap before GC invocations=3 (full 0):
 PSYoungGen      total 138240K, used 22962K [0x000000076de00000, 0x0000000776f00000, 0x00000007c0000000)
  eden space 128000K, 10% used [0x000000076de00000,0x000000076ea869c0,0x0000000775b00000)
  from space 10240K, 98% used [0x0000000776500000,0x0000000776ee6088,0x0000000776f00000)
  to   space 10240K, 0% used [0x0000000775b00000,0x0000000775b00000,0x0000000776500000)
 ParOldGen       total 169472K, used 24K [0x00000006c9a00000, 0x00000006d3f80000, 0x000000076de00000)
  object space 169472K, 0% used [0x00000006c9a00000,0x00000006c9a06000,0x00000006d3f80000)
 Metaspace       used 20347K, capacity 21258K, committed 21296K, reserved 1067008K
  class space    used 2621K, capacity 2833K, committed 2864K, reserved 1048576K
Event: 1.646 GC heap after
Heap after GC invocations=3 (full 0):
 PSYoungGen      total 138240K, used 6258K [0x000000076de00000, 0x000000077ec00000, 0x00000007c0000000)
  eden space 128000K, 0% used [0x000000076de00000,0x000000076de00000,0x0000000775b00000)
  from space 10240K, 61% used [0x0000000775b00000,0x000000077611c928,0x0000000776500000)
  to   space 10240K, 0% used [0x000000077e200000,0x000000077e200000,0x000000077ec00000)
 ParOldGen       total 169472K, used 32K [0x00000006c9a00000, 0x00000006d3f80000, 0x000000076de00000)
  object space 169472K, 0% used [0x00000006c9a00000,0x00000006c9a08000,0x00000006d3f80000)
 Metaspace       used 20347K, capacity 21258K, committed 21296K, reserved 1067008K
  class space    used 2621K, capacity 2833K, committed 2864K, reserved 1048576K
}
Event: 1.646 GC heap before
{Heap before GC invocations=4 (full 1):
 PSYoungGen      total 138240K, used 6258K [0x000000076de00000, 0x000000077ec00000, 0x00000007c0000000)
  eden space 128000K, 0% used [0x000000076de00000,0x000000076de00000,0x0000000775b00000)
  from space 10240K, 61% used [0x0000000775b00000,0x000000077611c928,0x0000000776500000)
  to   space 10240K, 0% used [0x000000077e200000,0x000000077e200000,0x000000077ec00000)
 ParOldGen       total 169472K, used 32K [0x00000006c9a00000, 0x00000006d3f80000, 0x000000076de00000)
  object space 169472K, 0% used [0x00000006c9a00000,0x00000006c9a08000,0x00000006d3f80000)
 Metaspace       used 20347K, capacity 21258K, committed 21296K, reserved 1067008K
  class space    used 2621K, capacity 2833K, committed 2864K, reserved 1048576K
Event: 1.667 GC heap after
Heap after GC invocations=4 (full 1):
 PSYoungGen      total 138240K, used 0K [0x000000076de00000, 0x000000077ec00000, 0x00000007c0000000)
  eden space 128000K, 0% used [0x000000076de00000,0x000000076de00000,0x0000000775b00000)
  from space 10240K, 0% used [0x0000000775b00000,0x0000000775b00000,0x0000000776500000)
  to   space 10240K, 0% used [0x000000077e200000,0x000000077e200000,0x000000077ec00000)
 ParOldGen       total 81408K, used 6033K [0x00000006c9a00000, 0x00000006ce980000, 0x000000076de00000)
  object space 81408K, 7% used [0x00000006c9a00000,0x00000006c9fe45b8,0x00000006ce980000)
 Metaspace       used 20347K, capacity 21258K, committed 21296K, reserved 1067008K
  class space    used 2621K, capacity 2833K, committed 2864K, reserved 1048576K
}
Event: 2.558 GC heap before
{Heap before GC invocations=5 (full 1):
 PSYoungGen      total 138240K, used 128000K [0x000000076de00000, 0x000000077ec00000, 0x00000007c0000000)
  eden space 128000K, 100% used [0x000000076de00000,0x0000000775b00000,0x0000000775b00000)
  from space 10240K, 0% used [0x0000000775b00000,0x0000000775b00000,0x0000000776500000)
  to   space 10240K, 0% used [0x000000077e200000,0x000000077e200000,0x000000077ec00000)
 ParOldGen       total 81408K, used 6033K [0x00000006c9a00000, 0x00000006ce980000, 0x000000076de00000)
  object space 81408K, 7% used [0x00000006c9a00000,0x00000006c9fe45b8,0x00000006ce980000)
 Metaspace       used 27902K, capacity 29584K, committed 29744K, reserved 1075200K
  class space    used 3684K, capacity 4048K, committed 4144K, reserved 1048576K
Event: 2.579 GC heap after
Heap after GC invocations=5 (full 1):
 PSYoungGen      total 241152K, used 10230K [0x000000076de00000, 0x000000077ec00000, 0x00000007c0000000)
  eden space 230912K, 0% used [0x000000076de00000,0x000000076de00000,0x000000077bf80000)
  from space 10240K, 99% used [0x000000077e200000,0x000000077ebfdae0,0x000000077ec00000)
  to   space 10240K, 0% used [0x000000077d800000,0x000000077d800000,0x000000077e200000)
 ParOldGen       total 81408K, used 8197K [0x00000006c9a00000, 0x00000006ce980000, 0x000000076de00000)
  object space 81408K, 10% used [0x00000006c9a00000,0x00000006ca2014d8,0x00000006ce980000)
 Metaspace       used 27902K, capacity 29584K, committed 29744K, reserved 1075200K
  class space    used 3684K, capacity 4048K, committed 4144K, reserved 1048576K
}
Event: 3.018 GC heap before
{Heap before GC invocations=6 (full 1):
 PSYoungGen      total 241152K, used 87848K [0x000000076de00000, 0x000000077ec00000, 0x00000007c0000000)
  eden space 230912K, 33% used [0x000000076de00000,0x00000007729cc818,0x000000077bf80000)
  from space 10240K, 99% used [0x000000077e200000,0x000000077ebfdae0,0x000000077ec00000)
  to   space 10240K, 0% used [0x000000077d800000,0x000000077d800000,0x000000077e200000)
 ParOldGen       total 81408K, used 8197K [0x00000006c9a00000, 0x00000006ce980000, 0x000000076de00000)
  object space 81408K, 10% used [0x00000006c9a00000,0x00000006ca2014d8,0x00000006ce980000)
 Metaspace       used 33523K, capacity 35438K, committed 35496K, reserved 1079296K
  class space    used 4402K, capacity 4777K, committed 4784K, reserved 1048576K
Event: 3.030 GC heap after
Heap after GC invocations=6 (full 1):
 PSYoungGen      total 266240K, used 10232K [0x000000076de00000, 0x0000000788b00000, 0x00000007c0000000)
  eden space 256000K, 0% used [0x000000076de00000,0x000000076de00000,0x000000077d800000)
  from space 10240K, 99% used [0x000000077d800000,0x000000077e1fe158,0x000000077e200000)
  to   space 14336K, 0% used [0x0000000787d00000,0x0000000787d00000,0x0000000788b00000)
 ParOldGen       total 81408K, used 8962K [0x00000006c9a00000, 0x00000006ce980000, 0x000000076de00000)
  object space 81408K, 11% used [0x00000006c9a00000,0x00000006ca2c09a8,0x00000006ce980000)
 Metaspace       used 33523K, capacity 35438K, committed 35496K, reserved 1079296K
  class space    used 4402K, capacity 4777K, committed 4784K, reserved 1048576K
}
Event: 3.030 GC heap before
{Heap before GC invocations=7 (full 2):
 PSYoungGen      total 266240K, used 10232K [0x000000076de00000, 0x0000000788b00000, 0x00000007c0000000)
  eden space 256000K, 0% used [0x000000076de00000,0x000000076de00000,0x000000077d800000)
  from space 10240K, 99% used [0x000000077d800000,0x000000077e1fe158,0x000000077e200000)
  to   space 14336K, 0% used [0x0000000787d00000,0x0000000787d00000,0x0000000788b00000)
 ParOldGen       total 81408K, used 8962K [0x00000006c9a00000, 0x00000006ce980000, 0x000000076de00000)
  object space 81408K, 11% used [0x00000006c9a00000,0x00000006ca2c09a8,0x00000006ce980000)
 Metaspace       used 33523K, capacity 35438K, committed 35496K, reserved 1079296K
  class space    used 4402K, capacity 4777K, committed 4784K, reserved 1048576K
Event: 3.075 GC heap after
Heap after GC invocations=7 (full 2):
 PSYoungGen      total 266240K, used 0K [0x000000076de00000, 0x0000000788b00000, 0x00000007c0000000)
  eden space 256000K, 0% used [0x000000076de00000,0x000000076de00000,0x000000077d800000)
  from space 10240K, 0% used [0x000000077d800000,0x000000077d800000,0x000000077e200000)
  to   space 14336K, 0% used [0x0000000787d00000,0x0000000787d00000,0x0000000788b00000)
 ParOldGen       total 118272K, used 15407K [0x00000006c9a00000, 0x00000006d0d80000, 0x000000076de00000)
  object space 118272K, 13% used [0x00000006c9a00000,0x00000006ca90bdd0,0x00000006d0d80000)
 Metaspace       used 33523K, capacity 35438K, committed 35496K, reserved 1079296K
  class space    used 4402K, capacity 4777K, committed 4784K, reserved 1048576K
}

Deoptimization events (0 events):
No events

Internal exceptions (10 events):
Event: 3.800 Thread 0x0000000003786000 Exception <a 'java/lang/ArrayIndexOutOfBoundsException'> (0x00000007729b21c0) thrown at [C:\re\workspace\8-2-build-windows-amd64-cygwin\jdk8u144\9417\hotspot\src\share\vm\runtime\sharedRuntime.cpp, line 605]
Event: 3.854 Thread 0x0000000003786000 Exception <a 'java/lang/ArrayIndexOutOfBoundsException'> (0x0000000772fdae28) thrown at [C:\re\workspace\8-2-build-windows-amd64-cygwin\jdk8u144\9417\hotspot\src\share\vm\runtime\sharedRuntime.cpp, line 605]
Event: 3.855 Thread 0x0000000003786000 Exception <a 'java/lang/ArrayIndexOutOfBoundsException'> (0x0000000772fdef80) thrown at [C:\re\workspace\8-2-build-windows-amd64-cygwin\jdk8u144\9417\hotspot\src\share\vm\runtime\sharedRuntime.cpp, line 605]
Event: 3.896 Thread 0x0000000003786000 Exception <a 'java/lang/ArrayIndexOutOfBoundsException'> (0x00000007733d2048) thrown at [C:\re\workspace\8-2-build-windows-amd64-cygwin\jdk8u144\9417\hotspot\src\share\vm\runtime\sharedRuntime.cpp, line 605]
Event: 3.896 Thread 0x0000000003786000 Exception <a 'java/lang/ArrayIndexOutOfBoundsException'> (0x00000007733dcbc8) thrown at [C:\re\workspace\8-2-build-windows-amd64-cygwin\jdk8u144\9417\hotspot\src\share\vm\runtime\sharedRuntime.cpp, line 605]
Event: 3.896 Thread 0x0000000003786000 Exception <a 'java/lang/ArrayIndexOutOfBoundsException'> (0x00000007733df2d8) thrown at [C:\re\workspace\8-2-build-windows-amd64-cygwin\jdk8u144\9417\hotspot\src\share\vm\runtime\sharedRuntime.cpp, line 605]
Event: 3.896 Thread 0x0000000003786000 Exception <a 'java/lang/ArrayIndexOutOfBoundsException'> (0x00000007733e1a50) thrown at [C:\re\workspace\8-2-build-windows-amd64-cygwin\jdk8u144\9417\hotspot\src\share\vm\runtime\sharedRuntime.cpp, line 605]
Event: 3.896 Thread 0x0000000003786000 Exception <a 'java/lang/ArrayIndexOutOfBoundsException'> (0x00000007733e3318) thrown at [C:\re\workspace\8-2-build-windows-amd64-cygwin\jdk8u144\9417\hotspot\src\share\vm\runtime\sharedRuntime.cpp, line 605]
Event: 3.904 Thread 0x0000000003786000 Exception <a 'java/lang/ArrayIndexOutOfBoundsException'> (0x0000000773484270) thrown at [C:\re\workspace\8-2-build-windows-amd64-cygwin\jdk8u144\9417\hotspot\src\share\vm\runtime\sharedRuntime.cpp, line 605]
Event: 3.905 Thread 0x0000000003786000 Exception <a 'java/lang/ArrayIndexOutOfBoundsException'> (0x000000077349a530) thrown at [C:\re\workspace\8-2-build-windows-amd64-cygwin\jdk8u144\9417\hotspot\src\share\vm\runtime\sharedRuntime.cpp, line 605]

Events (10 events):
Event: 6.440 Executing VM operation: RevokeBias done
Event: 6.440 Thread 0x000000002247a000 DEOPT PACKING pc=0x0000000003a5ac0c sp=0x000000002469b340
Event: 6.440 Thread 0x000000002247a000 DEOPT UNPACKING pc=0x00000000038c747f sp=0x000000002469b160 mode 1
Event: 6.440 Executing VM operation: RevokeBias
Event: 6.440 Executing VM operation: RevokeBias done
Event: 6.440 Thread 0x00000000226e7000 Thread exited: 0x00000000226e7000
Event: 6.441 loading class sun/invoke/util/ValueConversions$1
Event: 6.441 loading class sun/invoke/util/ValueConversions$1 done
Event: 6.442 loading class java/lang/invoke/MethodHandles$1
Event: 6.442 loading class java/lang/invoke/MethodHandles$1 done


Dynamic libraries:
0x00007ff754d80000 - 0x00007ff754db7000 	D:\Java\jdk1.8.0_144\bin\java.exe
0x00007ffced570000 - 0x00007ffced784000 	C:\Windows\SYSTEM32\ntdll.dll
0x00007ffcebd20000 - 0x00007ffcebde4000 	C:\Windows\System32\KERNEL32.DLL
0x00007ffceae00000 - 0x00007ffceb1a4000 	C:\Windows\System32\KERNELBASE.dll
0x00007ffceccf0000 - 0x00007ffcecda0000 	C:\Windows\System32\ADVAPI32.dll
0x00007ffcec8f0000 - 0x00007ffcec997000 	C:\Windows\System32\msvcrt.dll
0x00007ffceb730000 - 0x00007ffceb7d6000 	C:\Windows\System32\sechost.dll
0x00007ffced1e0000 - 0x00007ffced2f7000 	C:\Windows\System32\RPCRT4.dll
0x00007ffcec9b0000 - 0x00007ffcecb5e000 	C:\Windows\System32\USER32.dll
0x00007ffceb2d0000 - 0x00007ffceb2f6000 	C:\Windows\System32\win32u.dll
0x00007ffceccc0000 - 0x00007ffcecce9000 	C:\Windows\System32\GDI32.dll
0x00007ffceb1b0000 - 0x00007ffceb2c8000 	C:\Windows\System32\gdi32full.dll
0x00007ffceab80000 - 0x00007ffceac1a000 	C:\Windows\System32\msvcp_win.dll
0x00007ffceac20000 - 0x00007ffcead31000 	C:\Windows\System32\ucrtbase.dll
0x00007ffcc9270000 - 0x00007ffcc9503000 	C:\Windows\WinSxS\amd64_microsoft.windows.common-controls_6595b64144ccf1df_6.0.22621.2215_none_270d72677387dfc3\COMCTL32.dll
0x00007ffcecc80000 - 0x00007ffceccb1000 	C:\Windows\System32\IMM32.DLL
0x000000006d990000 - 0x000000006da62000 	D:\Java\jdk1.8.0_144\jre\bin\msvcr100.dll
0x000000006d0f0000 - 0x000000006d98d000 	D:\Java\jdk1.8.0_144\jre\bin\server\jvm.dll
0x00007ffcebdf0000 - 0x00007ffcebdf8000 	C:\Windows\System32\PSAPI.DLL
0x00007ffce1a00000 - 0x00007ffce1a34000 	C:\Windows\SYSTEM32\WINMM.dll
0x00007ffcc05e0000 - 0x00007ffcc05e9000 	C:\Windows\SYSTEM32\WSOCK32.dll
0x00007ffce1a40000 - 0x00007ffce1a4a000 	C:\Windows\SYSTEM32\VERSION.dll
0x00007ffceb6b0000 - 0x00007ffceb721000 	C:\Windows\System32\WS2_32.dll
0x000000006d0e0000 - 0x000000006d0ef000 	D:\Java\jdk1.8.0_144\jre\bin\verify.dll
0x000000006d0b0000 - 0x000000006d0d9000 	D:\Java\jdk1.8.0_144\jre\bin\java.dll
0x000000006d070000 - 0x000000006d0a5000 	D:\Java\jdk1.8.0_144\jre\bin\jdwp.dll
0x000000006d060000 - 0x000000006d068000 	D:\Java\jdk1.8.0_144\jre\bin\npt.dll
0x000000006d030000 - 0x000000006d053000 	D:\Java\jdk1.8.0_144\jre\bin\instrument.dll
0x000000006d010000 - 0x000000006d026000 	D:\Java\jdk1.8.0_144\jre\bin\zip.dll
0x00007ffcebf00000 - 0x00007ffcec723000 	C:\Windows\System32\SHELL32.dll
0x00007ffce8840000 - 0x00007ffce912a000 	C:\Windows\SYSTEM32\windows.storage.dll
0x00007ffceb320000 - 0x00007ffceb6aa000 	C:\Windows\System32\combase.dll
0x00007ffce8700000 - 0x00007ffce883e000 	C:\Windows\SYSTEM32\wintypes.dll
0x00007ffcece30000 - 0x00007ffcecf23000 	C:\Windows\System32\SHCORE.dll
0x00007ffcebcc0000 - 0x00007ffcebd1e000 	C:\Windows\System32\shlwapi.dll
0x00007ffcea850000 - 0x00007ffcea876000 	C:\Windows\SYSTEM32\profapi.dll
0x000000006d000000 - 0x000000006d009000 	D:\Java\jdk1.8.0_144\jre\bin\dt_socket.dll
0x00007ffce9d90000 - 0x00007ffce9df9000 	C:\Windows\system32\mswsock.dll
0x000000006cfe0000 - 0x000000006cffa000 	D:\Java\jdk1.8.0_144\jre\bin\net.dll
0x00007ffce93b0000 - 0x00007ffce94a2000 	C:\Windows\SYSTEM32\DNSAPI.dll
0x00007ffce9380000 - 0x00007ffce93ad000 	C:\Windows\SYSTEM32\IPHLPAPI.DLL
0x00007ffcec9a0000 - 0x00007ffcec9a9000 	C:\Windows\System32\NSI.dll
0x00007ffcdeac0000 - 0x00007ffcdeaca000 	C:\Windows\System32\rasadhlp.dll
0x00007ffce2c60000 - 0x00007ffce2ce4000 	C:\Windows\System32\fwpuclnt.dll
0x000000006cfd0000 - 0x000000006cfdd000 	D:\Java\jdk1.8.0_144\jre\bin\management.dll
0x000000006cfb0000 - 0x000000006cfc1000 	D:\Java\jdk1.8.0_144\jre\bin\nio.dll
0x00007ffcea010000 - 0x00007ffcea02b000 	C:\Windows\SYSTEM32\CRYPTSP.dll
0x00007ffce9880000 - 0x00007ffce98b5000 	C:\Windows\system32\rsaenh.dll
0x00007ffce9e60000 - 0x00007ffce9e8c000 	C:\Windows\SYSTEM32\USERENV.dll
0x00007ffcea200000 - 0x00007ffcea228000 	C:\Windows\SYSTEM32\bcrypt.dll
0x00007ffceab00000 - 0x00007ffceab7a000 	C:\Windows\System32\bcryptprimitives.dll
0x00007ffcea000000 - 0x00007ffcea00c000 	C:\Windows\SYSTEM32\CRYPTBASE.dll
0x00007ffce3db0000 - 0x00007ffce3dc9000 	C:\Windows\SYSTEM32\dhcpcsvc6.DLL
0x00007ffce4060000 - 0x00007ffce407f000 	C:\Windows\SYSTEM32\dhcpcsvc.DLL
0x00007ffccb400000 - 0x00007ffccb417000 	C:\Windows\system32\napinsp.dll
0x00007ffcb7bc0000 - 0x00007ffcb7bdb000 	C:\Windows\system32\pnrpnsp.dll
0x00007ffcafbe0000 - 0x00007ffcafbf1000 	C:\Windows\System32\winrnr.dll
0x00007ffcc78b0000 - 0x00007ffcc78c5000 	C:\Windows\system32\wshbth.dll
0x00007ffcafbb0000 - 0x00007ffcafbd1000 	C:\Windows\system32\nlansp_c.dll
0x000000006cf80000 - 0x000000006cfa4000 	D:\Java\jdk1.8.0_144\jre\bin\sunec.dll
0x000000006cf70000 - 0x000000006cf7b000 	D:\Java\jdk1.8.0_144\jre\bin\sunmscapi.dll
0x00007ffcea990000 - 0x00007ffceaaf6000 	C:\Windows\System32\CRYPT32.dll
0x00007ffcde7a0000 - 0x00007ffcde9ce000 	C:\Windows\SYSTEM32\dbghelp.dll
0x00007ffcebe20000 - 0x00007ffcebef7000 	C:\Windows\System32\OLEAUT32.dll

VM Arguments:
jvm_args: -agentlib:jdwp=transport=dt_socket,address=127.0.0.1:58904,suspend=y,server=n -Dvisualvm.id=54133700921700 -XX:TieredStopAtLevel=1 -Xverify:none -Dspring.output.ansi.enabled=always -Dcom.sun.management.jmxremote -Dspring.jmx.enabled=true -Dspring.liveBeansView.mbeanDomain -Dspring.application.admin.enabled=true -Dmanagement.endpoints.jmx.exposure.include=* -javaagent:C:\Users\Admin\AppData\Local\JetBrains\IntelliJIdea2023.1\captureAgent\debugger-agent.jar -Dfile.encoding=UTF-8 
java_command: com.porco.javassist.DemoJavassistApplication
java_class_path (initial): D:\Java\jdk1.8.0_144\jre\lib\charsets.jar;D:\Java\jdk1.8.0_144\jre\lib\deploy.jar;D:\Java\jdk1.8.0_144\jre\lib\ext\access-bridge-64.jar;D:\Java\jdk1.8.0_144\jre\lib\ext\cldrdata.jar;D:\Java\jdk1.8.0_144\jre\lib\ext\dnsns.jar;D:\Java\jdk1.8.0_144\jre\lib\ext\jaccess.jar;D:\Java\jdk1.8.0_144\jre\lib\ext\jfxrt.jar;D:\Java\jdk1.8.0_144\jre\lib\ext\localedata.jar;D:\Java\jdk1.8.0_144\jre\lib\ext\nashorn.jar;D:\Java\jdk1.8.0_144\jre\lib\ext\sqljdbc4-4.0.jar;D:\Java\jdk1.8.0_144\jre\lib\ext\sunec.jar;D:\Java\jdk1.8.0_144\jre\lib\ext\sunjce_provider.jar;D:\Java\jdk1.8.0_144\jre\lib\ext\sunmscapi.jar;D:\Java\jdk1.8.0_144\jre\lib\ext\sunpkcs11.jar;D:\Java\jdk1.8.0_144\jre\lib\ext\zipfs.jar;D:\Java\jdk1.8.0_144\jre\lib\javaws.jar;D:\Java\jdk1.8.0_144\jre\lib\jce.jar;D:\Java\jdk1.8.0_144\jre\lib\jfr.jar;D:\Java\jdk1.8.0_144\jre\lib\jfxswt.jar;D:\Java\jdk1.8.0_144\jre\lib\jsse.jar;D:\Java\jdk1.8.0_144\jre\lib\management-agent.jar;D:\Java\jdk1.8.0_144\jre\lib\plugin.jar;D:\Java\jdk1.8.0_144\jre\lib\resources.jar;D:\Java\jdk1.8.0_144\jre\lib\rt.jar;D:\projects\demo-springboot\demo-javassist\target\classes;D:\maven\repository\com\alibaba\easyexcel\3.3.2\easyexcel-3.3.2.jar;D:\maven\repository\com\alibaba\easyexcel-core\3.3.2\easyexcel-core-3.3.2.jar;D:\maven\repository\com\alibaba\easyexcel-support\3.3.2\easyexcel-support-3.3.2.jar;D:\maven\repository\org\apache\poi\poi\4.1.2\poi-4.1.2.jar;D:\maven\repository\commons-codec\commons-codec\1.15\commons-codec-1.15.jar;D:\maven\repository\org\apache\commons\commons-collections4\4.4\commons-collections4-4.4.jar;D:\maven\repository\org\apache\commons\commons-math3\3.6.1\commons-math3-3.6.1.jar;D:\maven\repository\com\zaxxer\SparseBitSet\1.2\SparseBitSet-1.2.jar;D:\maven\repository\org\apache\poi\poi-ooxml\4.1.2\poi-ooxml-4.1.2.jar;D:\maven\repository\org\apache\commons\commons-compress\1.19\commons-compress-1.19.jar;D:\maven\repository\com\github\virtuald\curvesapi\1.06\curvesapi-1.06.jar;D:\maven\repository\o
Launcher Type: SUN_STANDARD

Environment Variables:
JAVA_HOME=D:\Java\jdk-17
PATH=C:\Program Files\Common Files\Oracle\Java\javapath;C:\Windows\system32;C:\Windows;C:\Windows\System32\Wbem;C:\Windows\System32\WindowsPowerShell\v1.0\;C:\Windows\System32\OpenSSH\;D:\git\Git\cmd;D:\Java\jdk-17\bin;D:\maven\apache-maven-3.9.2\bin;C:\Program Files\Docker\Docker\resources\bin;D:\go\go1.20.5\bin;D:\gradle\gradle-5.6.4\bin;C:\Users\Admin\AppData\Local\Microsoft\WindowsApps;C:\Users\Admin\AppData\Local\JetBrains\Toolbox\scripts;C:\Users\Admin\go\bin
USERNAME=Admin
OS=Windows_NT
PROCESSOR_IDENTIFIER=AMD64 Family 25 Model 80 Stepping 0, AuthenticAMD



---------------  S Y S T E M  ---------------

OS: Windows 10.0 , 64 bit Build 22621 (10.0.22621.2215)

CPU:total 12 (initial active 12) (12 cores per cpu, 1 threads per core) family 25 model 80 stepping 0, cmov, cx8, fxsr, mmx, sse, sse2, sse3, ssse3, sse4.1, sse4.2, popcnt, avx, avx2, aes, clmul, erms, mmxext, 3dnowpref, lzcnt, sse4a, tsc, tscinvbit, tscinv, bmi1

Memory: 4k page, physical 16141816k(3233640k free), swap 22739384k(1938660k free)

vm_info: Java HotSpot(TM) 64-Bit Server VM (25.144-b01) for windows-amd64 JRE (1.8.0_144-b01), built on Jul 21 2017 21:57:33 by "java_re" with MS VC++ 10.0 (VS2010)

time: Wed Oct 04 07:21:49 2023
elapsed time: 6 seconds (0d 0h 0m 6s)

